Build started 27/09/2015 01:26:48.
     1>Project "A:\Documentos\Git\OpenCV_exercises\OpenCV_exercises\OpenCV_exercises.vcxproj" on node 2 (build target(s)).
     1>InitializeBuildStatus:
         Touching "Debug\OpenCV_exercises.unsuccessfulbuild".
       ClCompile:
         All outputs are up-to-date.
         C:\Program Files (x86)\Microsoft Visual Studio 10.0\VC\bin\CL.exe /c /IA:\Programas\opencv\build\include /ZI /nologo /W3 /WX- /Od /Oy- /D WIN32 /D _DEBUG /D _CONSOLE /D _UNICODE /D UNICODE /Gm /EHsc /RTC1 /MDd /GS /fp:precise /Zc:wchar_t /Zc:forScope /Yu"StdAfx.h" /Fp"Debug\OpenCV_exercises.pch" /Fo"Debug\\" /Fd"Debug\vc100.pdb" /Gd /TP /analyze- /errorReport:prompt OpenCV_exercises.cpp
         OpenCV_exercises.cpp
       ManifestResourceCompile:
         All outputs are up-to-date.
       Link:
         C:\Program Files (x86)\Microsoft Visual Studio 10.0\VC\bin\link.exe /ERRORREPORT:PROMPT /OUT:"A:\Documentos\Git\OpenCV_exercises\Debug\OpenCV_exercises.exe" /INCREMENTAL /NOLOGO /LIBPATH:A:\Programas\opencv\build\x64\vc11\lib opencv_ts300.lib opencv_ts300d.lib opencv_world300.lib opencv_world300d.lib kernel32.lib user32.lib gdi32.lib winspool.lib comdlg32.lib advapi32.lib shell32.lib ole32.lib oleaut32.lib uuid.lib odbc32.lib odbccp32.lib /MANIFEST /ManifestFile:"Debug\OpenCV_exercises.exe.intermediate.manifest" /MANIFESTUAC:"level='asInvoker' uiAccess='false'" /DEBUG /PDB:"A:\Documentos\Git\OpenCV_exercises\Debug\OpenCV_exercises.pdb" /SUBSYSTEM:CONSOLE /TLBID:1 /DYNAMICBASE /NXCOMPAT /IMPLIB:"A:\Documentos\Git\OpenCV_exercises\Debug\OpenCV_exercises.lib" /MACHINE:X86 Debug\OpenCV_exercises.exe.embed.manifest.res
         Debug\OpenCV_exercises.obj
         Debug\stdafx.obj
     1>opencv_world300.lib(opencv_world300.dll) : fatal error LNK1112: module machine type 'x64' conflicts with target machine type 'X86'
     1>Done Building Project "A:\Documentos\Git\OpenCV_exercises\OpenCV_exercises\OpenCV_exercises.vcxproj" (build target(s)) -- FAILED.

Build FAILED.

Time Elapsed 00:00:01.72
